<?xml version="1.0" encoding="UTF-8"?>
<robot generator="Robot 6.0.2 (Python 3.10.11 on win32)" generated="20230628 14:00:51.065" rpa="false" schemaversion="3">
<suite id="s1" name="Soecs" source="D:\BPED_MAINFRAME\LATEST_MAINFRAME_DEMO\MainframeDemo\MainframeProject\atest\soecs.robot">
<kw name="Suite Setup" type="SETUP">
<kw name="Open Connection" library="Mainframe3270">
<arg>${HOST_soecs}</arg>
<doc>Create a connection to an IBM3270 mainframe with the default port 23.
To establish a connection, only the hostname is required. Optional parameters include logical unit name (LU) and port.</doc>
<status status="PASS" starttime="20230628 14:00:51.256" endtime="20230628 14:00:51.873"/>
</kw>
<kw name="Create Directory" library="OperatingSystem">
<arg>${FOLDER}</arg>
<doc>Creates the specified directory.</doc>
<msg timestamp="20230628 14:00:51.874" level="INFO" html="true">Directory '&lt;a href="file://D:\BPED_MAINFRAME\LATEST_MAINFRAME_DEMO\MainframeDemo\mainframeScreenshots"&gt;D:\BPED_MAINFRAME\LATEST_MAINFRAME_DEMO\MainframeDemo\mainframeScreenshots&lt;/a&gt;' already exists.</msg>
<status status="PASS" starttime="20230628 14:00:51.873" endtime="20230628 14:00:51.874"/>
</kw>
<kw name="Set Screenshot Directory" library="Screenshot">
<arg>${FOLDER}</arg>
<doc>Sets the directory where screenshots are saved.</doc>
<status status="PASS" starttime="20230628 14:00:51.874" endtime="20230628 14:00:51.876"/>
</kw>
<kw name="Change Wait Time" library="Mainframe3270">
<arg>0.4</arg>
<doc>To give time for the mainframe screen to be "drawn" and receive the next commands, a "wait time" has been
created, which by default is set to 0.5 seconds. This is a sleep applied AFTER the following keywords:</doc>
<status status="PASS" starttime="20230628 14:00:51.876" endtime="20230628 14:00:51.876"/>
</kw>
<kw name="Change Wait Time After Write" library="Mainframe3270">
<arg>0.4</arg>
<doc>To give the user time to see what is happening inside the mainframe, a "wait time after write" has
been created, which by default is set to 0 seconds. This is a sleep applied AFTER sending a string in these
keywords:</doc>
<status status="PASS" starttime="20230628 14:00:51.876" endtime="20230628 14:00:51.876"/>
</kw>
<kw name="Sleep" library="BuiltIn">
<arg>3s</arg>
<doc>Pauses the test executed for the given time.</doc>
<msg timestamp="20230628 14:00:54.891" level="INFO">Slept 3 seconds</msg>
<status status="PASS" starttime="20230628 14:00:51.876" endtime="20230628 14:00:54.891"/>
</kw>
<status status="PASS" starttime="20230628 14:00:51.256" endtime="20230628 14:00:54.891"/>
</kw>
<test id="s1-t1" name="Service Order Entry and Control System" line="13">
<kw name="Take Screenshot" library="Screenshot">
<var>${screenLoc}</var>
<arg>SOECS_first.jpg</arg>
<doc>Takes a screenshot in JPEG format and embeds it into the log file.</doc>
<msg timestamp="20230628 14:00:54.965" level="INFO" html="true">&lt;a href="mainframeScreenshots/SOECS_first.jpg"&gt;&lt;img src="mainframeScreenshots/SOECS_first.jpg" width="800px"&gt;&lt;/a&gt;</msg>
<msg timestamp="20230628 14:00:54.965" level="INFO">${screenLoc} = D:\BPED_MAINFRAME\LATEST_MAINFRAME_DEMO\MainframeDemo\mainframeScreenshots\SOECS_first.jpg</msg>
<status status="PASS" starttime="20230628 14:00:54.892" endtime="20230628 14:00:54.965"/>
</kw>
<kw name="Log To Console" library="BuiltIn">
<arg>${screenLoc}</arg>
<doc>Logs the given message to the console.</doc>
<status status="PASS" starttime="20230628 14:00:54.966" endtime="20230628 14:00:54.966"/>
</kw>
<kw name="Log To Console" library="BuiltIn">
<arg>${\n}Step1- Login into the SOECS Application</arg>
<doc>Logs the given message to the console.</doc>
<status status="PASS" starttime="20230628 14:00:54.966" endtime="20230628 14:00:54.966"/>
</kw>
<kw name="Take Screenshot" library="Screenshot">
<arg>SOECS_launchSOECS.jpg</arg>
<doc>Takes a screenshot in JPEG format and embeds it into the log file.</doc>
<msg timestamp="20230628 14:00:55.025" level="INFO" html="true">&lt;a href="mainframeScreenshots/SOECS_launchSOECS.jpg"&gt;&lt;img src="mainframeScreenshots/SOECS_launchSOECS.jpg" width="800px"&gt;&lt;/a&gt;</msg>
<status status="PASS" starttime="20230628 14:00:54.966" endtime="20230628 14:00:55.025"/>
</kw>
<kw name="Write Bare" library="Mainframe3270">
<arg>${SOECS_username}</arg>
<doc>Send only the string to the screen at the current cursor location.</doc>
<status status="PASS" starttime="20230628 14:00:55.025" endtime="20230628 14:00:55.434"/>
</kw>
<kw name="Send Enter" library="Mainframe3270">
<doc>Send an Enter to the screen.</doc>
<status status="PASS" starttime="20230628 14:00:55.434" endtime="20230628 14:00:55.852"/>
</kw>
<kw name="Write Bare" library="Mainframe3270">
<arg>${SOECS_password}</arg>
<doc>Send only the string to the screen at the current cursor location.</doc>
<status status="PASS" starttime="20230628 14:00:55.852" endtime="20230628 14:00:56.257"/>
</kw>
<kw name="Send Enter" library="Mainframe3270">
<doc>Send an Enter to the screen.</doc>
<status status="PASS" starttime="20230628 14:00:56.257" endtime="20230628 14:00:56.661"/>
</kw>
<kw name="Sleep" library="BuiltIn">
<arg>2s</arg>
<doc>Pauses the test executed for the given time.</doc>
<msg timestamp="20230628 14:00:58.668" level="INFO">Slept 2 seconds</msg>
<status status="PASS" starttime="20230628 14:00:56.661" endtime="20230628 14:00:58.669"/>
</kw>
<kw name="Take Screenshot" library="Screenshot">
<arg>SOECS_Dashboard.jpg</arg>
<doc>Takes a screenshot in JPEG format and embeds it into the log file.</doc>
<msg timestamp="20230628 14:00:58.731" level="INFO" html="true">&lt;a href="mainframeScreenshots/SOECS_Dashboard.jpg"&gt;&lt;img src="mainframeScreenshots/SOECS_Dashboard.jpg" width="800px"&gt;&lt;/a&gt;</msg>
<status status="PASS" starttime="20230628 14:00:58.669" endtime="20230628 14:00:58.731"/>
</kw>
<kw name="Write Bare In Position" library="Mainframe3270">
<arg>3</arg>
<arg>23</arg>
<arg>057</arg>
<doc>Send only the string to the screen at screen co-ordinates ``ypos`` / ``xpos``.</doc>
<status status="PASS" starttime="20230628 14:00:58.731" endtime="20230628 14:00:59.135"/>
</kw>
<kw name="Log To Console" library="BuiltIn">
<arg>${\n}Step2- SOECS Application logout successfully</arg>
<doc>Logs the given message to the console.</doc>
<status status="PASS" starttime="20230628 14:00:59.135" endtime="20230628 14:00:59.135"/>
</kw>
<kw name="Send Enter" library="Mainframe3270">
<doc>Send an Enter to the screen.</doc>
<status status="PASS" starttime="20230628 14:00:59.136" endtime="20230628 14:00:59.542"/>
</kw>
<status status="PASS" starttime="20230628 14:00:54.891" endtime="20230628 14:00:59.542"/>
</test>
<kw name="Suite Teardown" type="TEARDOWN">
<kw name="Send PF" library="Mainframe3270">
<arg>1</arg>
<doc>Send a Program Function to the screen.</doc>
<status status="PASS" starttime="20230628 14:00:59.543" endtime="20230628 14:00:59.959"/>
</kw>
<kw name="Close Connection" library="Mainframe3270">
<doc>Disconnect from the host.</doc>
<status status="PASS" starttime="20230628 14:00:59.959" endtime="20230628 14:00:59.961"/>
</kw>
<kw name="Sleep" library="BuiltIn">
<arg>1s</arg>
<doc>Pauses the test executed for the given time.</doc>
<msg timestamp="20230628 14:01:00.978" level="INFO">Slept 1 second</msg>
<status status="PASS" starttime="20230628 14:00:59.962" endtime="20230628 14:01:00.978"/>
</kw>
<status status="PASS" starttime="20230628 14:00:59.543" endtime="20230628 14:01:00.978"/>
</kw>
<doc>These tests verify SOECS application is Up or Not</doc>
<status status="PASS" starttime="20230628 14:00:51.067" endtime="20230628 14:01:00.978"/>
</suite>
<statistics>
<total>
<stat pass="1" fail="0" skip="0">All Tests</stat>
</total>
<tag>
</tag>
<suite>
<stat pass="1" fail="0" skip="0" id="s1" name="Soecs">Soecs</stat>
</suite>
</statistics>
<errors>
</errors>
</robot>
